c:\users\jaeyo shin\source\repos\of root\apps\myapps\comsil_finalproject_20181277_shinjaeyo\obj\x64\debug\src\main.obj
c:\users\jaeyo shin\source\repos\of root\apps\myapps\comsil_finalproject_20181277_shinjaeyo\obj\x64\debug\src\ofxwinmenu.obj
c:\users\jaeyo shin\source\repos\of root\apps\myapps\comsil_finalproject_20181277_shinjaeyo\obj\x64\debug\src\ofapp.obj
c:\users\jaeyo shin\source\repos\of root\apps\myapps\comsil_finalproject_20181277_shinjaeyo\obj\x64\debug\vc141.pdb
c:\users\jaeyo shin\source\repos\of root\apps\myapps\comsil_finalproject_20181277_shinjaeyo\bin\comsil_finalproject_20181277_shinjaeyo_debug.lib
c:\users\jaeyo shin\source\repos\of root\apps\myapps\comsil_finalproject_20181277_shinjaeyo\bin\comsil_finalproject_20181277_shinjaeyo_debug.exp
c:\users\jaeyo shin\source\repos\of root\apps\myapps\comsil_finalproject_20181277_shinjaeyo\bin\comsil_finalproject_20181277_shinjaeyo_debug.exe
c:\users\jaeyo shin\source\repos\of root\apps\myapps\comsil_finalproject_20181277_shinjaeyo\bin\comsil_finalproject_20181277_shinjaeyo_debug.ilk
c:\users\jaeyo shin\source\repos\of root\apps\myapps\comsil_finalproject_20181277_shinjaeyo\bin\comsil_finalproject_20181277_shinjaeyo_debug.pdb
c:\users\jaeyo shin\source\repos\of root\apps\myapps\comsil_finalproject_20181277_shinjaeyo\obj\x64\debug\icon.res
c:\users\jaeyo shin\source\repos\of root\apps\myapps\comsil_finalproject_20181277_shinjaeyo\obj\x64\debug\comsil_f.7fd42df7.tlog\cl.command.1.tlog
c:\users\jaeyo shin\source\repos\of root\apps\myapps\comsil_finalproject_20181277_shinjaeyo\obj\x64\debug\comsil_f.7fd42df7.tlog\cl.read.1.tlog
c:\users\jaeyo shin\source\repos\of root\apps\myapps\comsil_finalproject_20181277_shinjaeyo\obj\x64\debug\comsil_f.7fd42df7.tlog\cl.write.1.tlog
c:\users\jaeyo shin\source\repos\of root\apps\myapps\comsil_finalproject_20181277_shinjaeyo\obj\x64\debug\comsil_f.7fd42df7.tlog\comsil_finalproject_20181277_shinjaeyo.write.1u.tlog
c:\users\jaeyo shin\source\repos\of root\apps\myapps\comsil_finalproject_20181277_shinjaeyo\obj\x64\debug\comsil_f.7fd42df7.tlog\link.command.1.tlog
c:\users\jaeyo shin\source\repos\of root\apps\myapps\comsil_finalproject_20181277_shinjaeyo\obj\x64\debug\comsil_f.7fd42df7.tlog\link.read.1.tlog
c:\users\jaeyo shin\source\repos\of root\apps\myapps\comsil_finalproject_20181277_shinjaeyo\obj\x64\debug\comsil_f.7fd42df7.tlog\link.write.1.tlog
c:\users\jaeyo shin\source\repos\of root\apps\myapps\comsil_finalproject_20181277_shinjaeyo\obj\x64\debug\comsil_f.7fd42df7.tlog\rc.command.1.tlog
c:\users\jaeyo shin\source\repos\of root\apps\myapps\comsil_finalproject_20181277_shinjaeyo\obj\x64\debug\comsil_f.7fd42df7.tlog\rc.read.1.tlog
c:\users\jaeyo shin\source\repos\of root\apps\myapps\comsil_finalproject_20181277_shinjaeyo\obj\x64\debug\comsil_f.7fd42df7.tlog\rc.write.1.tlog
